<?xml version="1.0" encoding="UTF-8"?>
<!-- Generated by org.testng.reporters.JUnitXMLReporter -->
<testsuite hostname="Sutinee-PC" name="SuiteOneCaseTwo" tests="2" failures="0" timestamp="24 Jul 2016 14:18:32 GMT" time="0.045" errors="0">
  <testcase name="SuiteOneCaseTwoTest" time="0.002" classname="com.stta.SuiteOne.SuiteOneCaseTwo">
    <skipped/>
  </testcase> <!-- SuiteOneCaseTwoTest -->
  <testcase name="SuiteOneCaseTwoTest" time="0.002" classname="com.stta.SuiteOne.SuiteOneCaseTwo"/>
</testsuite> <!-- SuiteOneCaseTwo -->
