<?xml version="1.0" encoding="UTF-8"?>
<!-- Generated by org.testng.reporters.JUnitXMLReporter -->
<testsuite hostname="Sutinee-PC" name="SuiteTwoCaseTwo" tests="2" failures="0" timestamp="24 Jul 2016 14:18:32 GMT" time="0.086" errors="0">
  <testcase name="SuiteTwoCaseTwoTest" time="0.001" classname="com.stta.SuiteTwo.SuiteTwoCaseTwo">
    <skipped/>
  </testcase> <!-- SuiteTwoCaseTwoTest -->
  <testcase name="SuiteTwoCaseTwoTest" time="0.002" classname="com.stta.SuiteTwo.SuiteTwoCaseTwo"/>
</testsuite> <!-- SuiteTwoCaseTwo -->
